<?xml version="1.0" encoding="UTF-8" standalone="no"?>
<!--
Copyright BRAINTRIBE TECHNOLOGY GMBH, Austria, 2002-2022

This library is free software; you can redistribute it and/or modify it under the terms of the GNU Lesser General Public
License as published by the Free Software Foundation; either version 3 of the License, or (at your option) any later version.

This library is distributed in the hope that it will be useful, but WITHOUT ANY WARRANTY; without even the implied warranty of
MERCHANTABILITY or FITNESS FOR A PARTICULAR PURPOSE. See the GNU Lesser General Public License for more details.

You should have received a copy of the GNU Lesser General Public License along with this library; See http://www.gnu.org/licenses/.
-->
<project xmlns="http://maven.apache.org/POM/4.0.0" xmlns:xsi="http://www.w3.org/2001/XMLSchema-instance" xsi:schemaLocation="http://maven.apache.org/POM/4.0.0 http://maven.apache.org/maven-v4_0_0.xsd">
  <modelVersion>4.0.0</modelVersion>
  <groupId>com.braintribe.devrock</groupId>
  <artifactId>model-declaration-builder-test-model</artifactId>
  <version>1.0</version>
  
  <properties>
    <codebase>braintribe-dev</codebase>
  </properties>
  
  <dependencies>
    
	<dependency>
		<groupId>com.braintribe.gm</groupId>
		<artifactId>resource-model</artifactId>
		<version>3.1</version>
	</dependency>
	
	<dependency>
		<groupId>com.braintribe.gm</groupId>
		<artifactId>service-api-model</artifactId>
		<version>1.0</version>
		<?group functional?>
	</dependency>
	
	<dependency>
		<groupId>com.braintribe.gm</groupId>
		<artifactId>root-model</artifactId>
		<version>2.0</version>
	</dependency>
    
   </dependencies>
</project>
